Info: Nothing to build for Ejerc2
Info: Nothing to build for Ejerc1
Info: Nothing to build for Ejerc1
Info: Nothing to build for Ejerc1
Info: Nothing to build for Ejerc2
Info: Nothing to build for Ejerc2
Info: Nothing to build for Ejerc2
22:20:17 **** Incremental Build of configuration Debug for project Ejerc2 ****
Info: Internal Builder is used for build
g++ -O0 -g3 -Wall -c -fmessage-length=0 -o "src\\Ejerc2.o" "..\\src\\Ejerc2.cpp" 
g++ -o Ejerc2.exe "src\\Ejerc2.o" 
c:/mingw/bin/../lib/gcc/mingw32/6.3.0/../../../../mingw32/bin/ld.exe: cannot open output file Ejerc2.exe: Permission denied
collect2.exe: error: ld returned 1 exit status
22:20:32 **** Incremental Build of configuration Debug for project Ejerc2 ****
Info: Internal Builder is used for build
g++ -o Ejerc2.exe "src\\Ejerc2.o" 
c:/mingw/bin/../lib/gcc/mingw32/6.3.0/../../../../mingw32/bin/ld.exe: cannot open output file Ejerc2.exe: Permission denied
collect2.exe: error: ld returned 1 exit status
22:20:45 **** Incremental Build of configuration Debug for project Ejerc2 ****
Info: Internal Builder is used for build
g++ -o Ejerc2.exe "src\\Ejerc2.o" 
c:/mingw/bin/../lib/gcc/mingw32/6.3.0/../../../../mingw32/bin/ld.exe: cannot open output file Ejerc2.exe: Permission denied
collect2.exe: error: ld returned 1 exit status
22:21:09 **** Rebuild of configuration Debug for project Ejerc3 ****
Info: Internal Builder is used for build
g++ -O0 -g3 -Wall -c -fmessage-length=0 -o "src\\Ejerc3.o" "..\\src\\Ejerc3.cpp" 
g++ -o Ejerc3.exe "src\\Ejerc3.o" 
